Arguments: 
  C:\Program Files\nodejs\node.exe C:\Users\CP24\AppData\Roaming\npm\node_modules\yarn\bin\yarn.js add express@4.17.1

PATH: 
  C:\Users\CP24\bin;C:\Program Files\Git\mingw64\bin;C:\Program Files\Git\usr\local\bin;C:\Program Files\Git\usr\bin;C:\Program Files\Git\usr\bin;C:\Program Files\Git\mingw64\bin;C:\Program Files\Git\usr\bin;C:\Users\CP24\bin;C:\Program Files (x86)\Razer Chroma SDK\bin;C:\Program Files\Razer Chroma SDK\bin;C:\Program Files (x86)\Razer\ChromaBroadcast\bin;C:\Program Files\Razer\ChromaBroadcast\bin;C:\Windows\system32;C:\Windows;C:\Windows\System32\Wbem;C:\Windows\System32\WindowsPowerShell\v1.0;C:\Windows\System32\OpenSSH;C:\Windows\system32\config\systemprofile\AppData\Local\Microsoft\WindowsApps;C:\WINDOWS\system32;C:\WINDOWS;C:\WINDOWS\System32\Wbem;C:\WINDOWS\System32\WindowsPowerShell\v1.0;C:\WINDOWS\System32\OpenSSH;C:\Program Files\Git\cmd;C:\Program Files\nodejs;C:\Users\CP24\AppData\Local\Microsoft\WindowsApps;C:\Users\CP24\AppData\Local\Programs\Microsoft VS Code\bin;C:\Users\CP24\AppData\Roaming\npm;C:\Program Files\heroku\bin;C:\Program Files\Git\usr\bin\vendor_perl;C:\Program Files\Git\usr\bin\core_perl

Yarn version: 
  1.22.11

Node version: 
  14.16.0

Platform: 
  win32 x64

Trace: 
  SyntaxError: C:\Nasze pliki\Kodilla proje\WebSocket-Server\package.json: Unexpected end of JSON input
      at JSON.parse (<anonymous>)
      at C:\Users\CP24\AppData\Roaming\npm\node_modules\yarn\lib\cli.js:1625:59
      at Generator.next (<anonymous>)
      at step (C:\Users\CP24\AppData\Roaming\npm\node_modules\yarn\lib\cli.js:310:30)
      at C:\Users\CP24\AppData\Roaming\npm\node_modules\yarn\lib\cli.js:321:13

npm manifest: 
  

yarn manifest: 
  No manifest

Lockfile: 
  No lockfile
